<?xml version="1.0" encoding="UTF-8"?>
<testsuite xmlns:xsi="http://www.w3.org/2001/XMLSchema-instance" xsi:schemaLocation="https://maven.apache.org/surefire/maven-surefire-plugin/xsd/surefire-test-report.xsd" name="pl.polsl.milosz.cebula.CalculatorTest" time="0.087" tests="6" errors="0" skipped="0" failures="0">
  <properties>
[...]
</properties>
  <testcase name="testSquareCheckParam{int, int, boolean}[1]" classname="pl.polsl.milosz.cebula.CalculatorTest" time="0.031"/>
  <testcase name="testSquareCheckParam{int, int, boolean}[2]" classname="pl.polsl.milosz.cebula.CalculatorTest" time="0.001"/>
  <testcase name="testSquareCheckParam{int, int, boolean}[3]" classname="pl.polsl.milosz.cebula.CalculatorTest" time="0.001"/>
  <testcase name="testSquareCheck" classname="pl.polsl.milosz.cebula.CalculatorTest" time="0.001"/>
  <testcase name="testMatrixTransposition" classname="pl.polsl.milosz.cebula.CalculatorTest" time="0.004"/>
  <testcase name="testMatrixDeterminant" classname="pl.polsl.milosz.cebula.CalculatorTest" time="0"/>
</testsuite>